2026-01-26 21:33:11,331 - log_code - INFO - ================================================================================
2026-01-26 21:33:11,331 - log_code - INFO - CHURN PREDICTION PIPELINE - LOGGING INITIALIZED
2026-01-26 21:33:11,332 - log_code - INFO - Log file: logs\churn_pipeline_20260126_213311.log
2026-01-26 21:33:11,332 - log_code - INFO - ================================================================================
2026-01-26 21:33:11,855 - main - INFO - 
================================================================================
2026-01-26 21:33:11,886 - main - INFO - CUSTOMER RETENTION PREDICTION SYSTEM
2026-01-26 21:33:11,887 - main - INFO - ================================================================================
2026-01-26 21:33:11,887 - main - INFO - 
[Data Loading]
2026-01-26 21:33:11,888 - main - INFO -   Path: C:\Users\Karthik\Downloads\Customer Retention Prediction System\WA_Fn-UseC_-Telco-Customer-Churn.csv
2026-01-26 21:33:11,888 - main - INFO -   Shape: (7043, 21)
2026-01-26 21:33:11,892 - main - INFO -   Memory: 1.13 MB
2026-01-26 21:33:11,893 - main - INFO -   Columns: ['customerID', 'gender', 'SeniorCitizen', 'Partner', 'Dependents', 'tenure', 'PhoneService', 'MultipleLines', 'InternetService', 'OnlineSecurity', 'OnlineBackup', 'DeviceProtection', 'TechSupport', 'StreamingTV', 'StreamingMovies', 'Contract', 'PaperlessBilling', 'PaymentMethod', 'MonthlyCharges', 'TotalCharges', 'Churn']
2026-01-26 21:33:11,900 - main - INFO -   Missing: 0 values
2026-01-26 21:33:11,900 - main - INFO - 

################################################################################
2026-01-26 21:33:11,901 - main - INFO - ################################################################################
2026-01-26 21:33:11,901 - main - INFO -   CUSTOMER RETENTION SYSTEM - COMPLETE PIPELINE
2026-01-26 21:33:11,902 - main - INFO - ################################################################################
2026-01-26 21:33:11,902 - main - INFO - ################################################################################

2026-01-26 21:33:11,902 - main - INFO - 
================================================================================
2026-01-26 21:33:11,902 - main - INFO - STEP-1: EXPLORATORY DATA ANALYSIS (EDA)
2026-01-26 21:33:11,903 - main - INFO - ================================================================================
2026-01-26 21:33:11,956 - main - INFO - 
[DONE] EDA Complete
2026-01-26 21:33:11,956 - main - INFO -   Final shape: (7043, 26)
2026-01-26 21:33:11,956 - main - INFO -   New features created: SIMProvider, TenureGroup, TenureQuarter, SeniorLabel, Demographic
2026-01-26 21:33:11,957 - main - INFO - 
================================================================================
2026-01-26 21:33:11,957 - main - INFO - STEP-2 & STEP-3: FEATURE ENGINEERING & SELECTION
2026-01-26 21:33:11,957 - main - INFO - ================================================================================
2026-01-26 21:33:11,959 - main - INFO - 
[STEP-2: Feature Engineering]
2026-01-26 21:33:12,147 - main - INFO - 
[STEP-3: Feature Selection]
2026-01-26 21:33:12,166 - main - INFO - 
[DONE] Feature Engineering & Selection Complete
2026-01-26 21:33:12,166 - main - INFO -   Final shape: (7043, 14)
2026-01-26 21:33:12,167 - main - INFO -   Features after selection: 13
2026-01-26 21:33:12,178 - main - INFO - 
[Train-Test Split]
2026-01-26 21:33:12,179 - main - INFO -   Training: (5634, 13)
2026-01-26 21:33:12,179 - main - INFO -   Testing: (1409, 13)
2026-01-26 21:33:12,180 - main - INFO -   Train class dist: {0: 4139, 1: 1495}
2026-01-26 21:33:12,181 - main - INFO -   Test class dist: {0: 1035, 1: 374}
2026-01-26 21:33:12,182 - main - INFO - 
================================================================================
2026-01-26 21:33:12,183 - main - INFO - STEP-4: DATA BALANCING
2026-01-26 21:33:12,183 - main - INFO - ================================================================================
2026-01-26 21:33:12,236 - main - INFO - 
[DONE] Data Balancing Complete
2026-01-26 21:33:12,236 - main - INFO -   Original: 5634 samples
2026-01-26 21:33:12,236 - main - INFO -   Balanced: 8278 samples
2026-01-26 21:33:12,237 - main - INFO -   New distribution: [4139 4139]
2026-01-26 21:33:12,237 - main - INFO - 
================================================================================
2026-01-26 21:33:12,237 - main - INFO - STEP-5: FINAL PIPELINE ASSEMBLY
2026-01-26 21:33:12,237 - main - INFO - ================================================================================
2026-01-26 21:33:12,238 - main - INFO -   Numeric columns: 13
2026-01-26 21:33:12,239 - main - INFO -   Categorical columns: 0
2026-01-26 21:33:12,241 - main - INFO - 
[DONE] Pipeline Assembly Complete
2026-01-26 21:33:12,242 - main - INFO -   Preprocessor ready for training
2026-01-26 21:33:12,242 - main - INFO -   All data transformations defined
2026-01-26 21:33:12,242 - main - INFO - 
================================================================================
2026-01-26 21:33:12,242 - main - INFO - MODEL-READY DATA
2026-01-26 21:33:12,243 - main - INFO - ================================================================================
2026-01-26 21:33:12,243 - main - INFO - [READY] Data ready for model training:
2026-01-26 21:33:12,243 - main - INFO -   X_train: (8278, 13)
2026-01-26 21:33:12,243 - main - INFO -   X_test: (1409, 13)
2026-01-26 21:33:12,244 - main - INFO -   y_train: (8278,)
2026-01-26 21:33:12,244 - main - INFO -   y_test: (1409,)
2026-01-26 21:33:12,244 - main - INFO - 
================================================================================
2026-01-26 21:33:12,244 - main - INFO - === COMPLETE PIPELINE SUCCESSFULLY EXECUTED ===
2026-01-26 21:33:12,245 - main - INFO - ================================================================================
2026-01-26 21:33:12,245 - main - INFO - 
Next Step: STEP-6 - MODEL TRAINING & EVALUATION
2026-01-26 21:33:12,245 - main - INFO - Recommended models:
2026-01-26 21:33:12,245 - main - INFO -   • Logistic Regression (baseline)
2026-01-26 21:33:12,245 - main - INFO -   • Random Forest (ensemble)
2026-01-26 21:33:12,246 - main - INFO -   • Gradient Boosting (XGBoost, LightGBM)
2026-01-26 21:33:12,246 - main - INFO -   • SVM (Support Vector Machine)
2026-01-26 21:33:12,246 - main - INFO -   • Neural Networks (Deep Learning)
2026-01-26 21:33:12,246 - main - INFO - 
[OK] Ready to proceed with model training!
2026-01-26 21:33:12,246 - main - INFO -   Access data with: model_ready_data['X_train'], etc.
