2026-01-26 21:24:38,445 - log_code - INFO - ================================================================================
2026-01-26 21:24:38,445 - log_code - INFO - CHURN PREDICTION PIPELINE - LOGGING INITIALIZED
2026-01-26 21:24:38,446 - log_code - INFO - Log file: logs\churn_pipeline_20260126_212438.log
2026-01-26 21:24:38,446 - log_code - INFO - ================================================================================
2026-01-26 21:24:39,303 - main - INFO - 
================================================================================
2026-01-26 21:24:39,304 - main - INFO - CUSTOMER RETENTION PREDICTION SYSTEM
2026-01-26 21:24:39,304 - main - INFO - ================================================================================
2026-01-26 21:24:39,304 - main - INFO - 
[Data Loading]
2026-01-26 21:24:39,305 - main - INFO -   Path: C:\Users\Karthik\Downloads\Customer Retention Prediction System\WA_Fn-UseC_-Telco-Customer-Churn.csv
2026-01-26 21:24:39,305 - main - INFO -   Shape: (7043, 21)
2026-01-26 21:24:39,312 - main - INFO -   Memory: 1.13 MB
2026-01-26 21:24:39,312 - main - INFO -   Columns: ['customerID', 'gender', 'SeniorCitizen', 'Partner', 'Dependents', 'tenure', 'PhoneService', 'MultipleLines', 'InternetService', 'OnlineSecurity', 'OnlineBackup', 'DeviceProtection', 'TechSupport', 'StreamingTV', 'StreamingMovies', 'Contract', 'PaperlessBilling', 'PaymentMethod', 'MonthlyCharges', 'TotalCharges', 'Churn']
2026-01-26 21:24:39,324 - main - INFO -   Missing: 0 values
2026-01-26 21:24:39,324 - main - INFO - 

################################################################################
2026-01-26 21:24:39,325 - main - INFO - ################################################################################
2026-01-26 21:24:39,325 - main - INFO -   CUSTOMER RETENTION SYSTEM - COMPLETE PIPELINE
2026-01-26 21:24:39,325 - main - INFO - ################################################################################
2026-01-26 21:24:39,326 - main - INFO - ################################################################################

2026-01-26 21:24:39,326 - main - INFO - 
================================================================================
2026-01-26 21:24:39,326 - main - INFO - STEP-1: EXPLORATORY DATA ANALYSIS (EDA)
2026-01-26 21:24:39,327 - main - INFO - ================================================================================
2026-01-26 21:26:01,410 - main - ERROR - EDA Error at line 84: 0
2026-01-26 21:26:01,410 - main - ERROR - Pipeline Execution Error at line 278: 0
2026-01-26 21:26:01,411 - main - ERROR - Main Error at line 323: 0
